# JRE version: Java(TM) SE Runtime Environment (8.0_181-b13) (build 1.8.0_181-b13)
# Java VM: Java HotSpot(TM) 64-Bit Server VM (25.181-b13 mixed mode windows-amd64 compressed oops)
Heap:
 PSYoungGen      total 841728K, used 796371K [0x0000000780000000, 0x00000007bd580000, 0x00000007c0000000)
  eden space 709120K, 100% used [0x0000000780000000,0x00000007ab480000,0x00000007ab480000)
  from space 132608K, 65% used [0x00000007b3e00000,0x00000007b9334fd8,0x00000007bbf80000)
  to   space 140800K, 61% used [0x00000007ab480000,0x00000007b08cbac0,0x00000007b3e00000)
 ParOldGen       total 830976K, used 788933K [0x0000000700000000, 0x0000000732b80000, 0x0000000780000000)
  object space 830976K, 94% used [0x0000000700000000,0x00000007302714f8,0x0000000732b80000)
 Metaspace       used 65473K, capacity 67152K, committed 67368K, reserved 1107968K
  class space    used 8804K, capacity 9259K, committed 9264K, reserved 1048576K
GC Heap History (10 events):
Event: 72.032 GC heap after
Heap after GC invocations=41 (full 3):
 PSYoungGen      total 685056K, used 448K [0x0000000780000000, 0x00000007b0480000, 0x00000007c0000000)
  eden space 602624K, 0% used [0x0000000780000000,0x0000000780000000,0x00000007a4c80000)
  from space 82432K, 0% used [0x00000007ab400000,0x00000007ab470000,0x00000007b0480000)
  to   space 94208K, 0% used [0x00000007a4c80000,0x00000007a4c80000,0x00000007aa880000)
 ParOldGen       total 211968K, used 170153K [0x0000000700000000, 0x000000070cf00000, 0x0000000780000000)
  object space 211968K, 80% used [0x0000000700000000,0x000000070a62a470,0x000000070cf00000)
 Metaspace       used 46323K, capacity 47204K, committed 47528K, reserved 1089536K
  class space    used 6496K, capacity 6786K, committed 6832K, reserved 1048576K
}
Event: 84.030 GC heap before
{Heap before GC invocations=42 (full 3):
 PSYoungGen      total 685056K, used 603072K [0x0000000780000000, 0x00000007b0480000, 0x00000007c0000000)
  eden space 602624K, 100% used [0x0000000780000000,0x00000007a4c80000,0x00000007a4c80000)
  from space 82432K, 0% used [0x00000007ab400000,0x00000007ab470000,0x00000007b0480000)
  to   space 94208K, 0% used [0x00000007a4c80000,0x00000007a4c80000,0x00000007aa880000)
 ParOldGen       total 211968K, used 170153K [0x0000000700000000, 0x000000070cf00000, 0x0000000780000000)
  object space 211968K, 80% used [0x0000000700000000,0x000000070a62a470,0x000000070cf00000)
 Metaspace       used 52547K, capacity 53516K, committed 53672K, reserved 1095680K
  class space    used 7230K, capacity 7546K, committed 7600K, reserved 1048576K
Event: 84.170 GC heap after
Heap after GC invocations=42 (full 3):
 PSYoungGen      total 696832K, used 70648K [0x0000000780000000, 0x00000007b5780000, 0x00000007c0000000)
  eden space 602624K, 0% used [0x0000000780000000,0x0000000780000000,0x00000007a4c80000)
  from space 94208K, 74% used [0x00000007a4c80000,0x00000007a917e088,0x00000007aa880000)
  to   space 104448K, 0% used [0x00000007af180000,0x00000007af180000,0x00000007b5780000)
 ParOldGen       total 211968K, used 170161K [0x0000000700000000, 0x000000070cf00000, 0x0000000780000000)
  object space 211968K, 80% used [0x0000000700000000,0x000000070a62c470,0x000000070cf00000)
 Metaspace       used 52547K, capacity 53516K, committed 53672K, reserved 1095680K
  class space    used 7230K, capacity 7546K, committed 7600K, reserved 1048576K
}
Event: 913.932 GC heap before
{Heap before GC invocations=43 (full 3):
 PSYoungGen      total 696832K, used 673272K [0x0000000780000000, 0x00000007b5780000, 0x00000007c0000000)
  eden space 602624K, 100% used [0x0000000780000000,0x00000007a4c80000,0x00000007a4c80000)
  from space 94208K, 74% used [0x00000007a4c80000,0x00000007a917e088,0x00000007aa880000)
  to   space 104448K, 0% used [0x00000007af180000,0x00000007af180000,0x00000007b5780000)
 ParOldGen       total 211968K, used 170161K [0x0000000700000000, 0x000000070cf00000, 0x0000000780000000)
  object space 211968K, 80% used [0x0000000700000000,0x000000070a62c470,0x000000070cf00000)
 Metaspace       used 65334K, capacity 67018K, committed 67112K, reserved 1107968K
  class space    used 8790K, capacity 9242K, committed 9264K, reserved 1048576K
Event: 914.041 GC heap after
Heap after GC invocations=43 (full 3):
 PSYoungGen      total 754176K, used 96214K [0x0000000780000000, 0x00000007b6f80000, 0x00000007c0000000)
  eden space 649728K, 0% used [0x0000000780000000,0x0000000780000000,0x00000007a7a80000)
  from space 104448K, 92% used [0x00000007af180000,0x00000007b4f75b30,0x00000007b5780000)
  to   space 121856K, 0% used [0x00000007a7a80000,0x00000007a7a80000,0x00000007af180000)
 ParOldGen       total 211968K, used 170169K [0x0000000700000000, 0x000000070cf00000, 0x0000000780000000)
  object space 211968K, 80% used [0x0000000700000000,0x000000070a62e470,0x000000070cf00000)
 Metaspace       used 65334K, capacity 67018K, committed 67112K, reserved 1107968K
  class space    used 8790K, capacity 9242K, committed 9264K, reserved 1048576K
}
Event: 916.754 GC heap before
{Heap before GC invocations=44 (full 3):
 PSYoungGen      total 754176K, used 745942K [0x0000000780000000, 0x00000007b6f80000, 0x00000007c0000000)
  eden space 649728K, 100% used [0x0000000780000000,0x00000007a7a80000,0x00000007a7a80000)
  from space 104448K, 92% used [0x00000007af180000,0x00000007b4f75b30,0x00000007b5780000)
  to   space 121856K, 0% used [0x00000007a7a80000,0x00000007a7a80000,0x00000007af180000)
 ParOldGen       total 211968K, used 170169K [0x0000000700000000, 0x000000070cf00000, 0x0000000780000000)
  object space 211968K, 80% used [0x0000000700000000,0x000000070a62e470,0x000000070cf00000)
 Metaspace       used 65470K, capacity 67146K, committed 67368K, reserved 1107968K
  class space    used 8803K, capacity 9258K, committed 9264K, reserved 1048576K
Event: 916.842 GC heap after
Heap after GC invocations=44 (full 3):
 PSYoungGen      total 771584K, used 87347K [0x0000000780000000, 0x00000007bbf80000, 0x00000007c0000000)
  eden space 649728K, 0% used [0x0000000780000000,0x0000000780000000,0x00000007a7a80000)
  from space 121856K, 71% used [0x00000007a7a80000,0x00000007acfccca0,0x00000007af180000)
  to   space 132608K, 0% used [0x00000007b3e00000,0x00000007b3e00000,0x00000007bbf80000)
 ParOldGen       total 211968K, used 170177K [0x0000000700000000, 0x000000070cf00000, 0x0000000780000000)
  object space 211968K, 80% used [0x0000000700000000,0x000000070a630470,0x000000070cf00000)
 Metaspace       used 65470K, capacity 67146K, committed 67368K, reserved 1107968K
  class space    used 8803K, capacity 9258K, committed 9264K, reserved 1048576K
}
Event: 919.669 GC heap before
{Heap before GC invocations=45 (full 3):
 PSYoungGen      total 771584K, used 737075K [0x0000000780000000, 0x00000007bbf80000, 0x00000007c0000000)
  eden space 649728K, 100% used [0x0000000780000000,0x00000007a7a80000,0x00000007a7a80000)
  from space 121856K, 71% used [0x00000007a7a80000,0x00000007acfccca0,0x00000007af180000)
  to   space 132608K, 0% used [0x00000007b3e00000,0x00000007b3e00000,0x00000007bbf80000)
 ParOldGen       total 211968K, used 170177K [0x0000000700000000, 0x000000070cf00000, 0x0000000780000000)
  object space 211968K, 80% used [0x0000000700000000,0x000000070a630470,0x000000070cf00000)
 Metaspace       used 65470K, capacity 67146K, committed 67368K, reserved 1107968K
  class space    used 8803K, capacity 9258K, committed 9264K, reserved 1048576K
Event: 919.747 GC heap after
Heap after GC invocations=45 (full 3):
 PSYoungGen      total 841728K, used 87251K [0x0000000780000000, 0x00000007bd580000, 0x00000007c0000000)
  eden space 709120K, 0% used [0x0000000780000000,0x0000000780000000,0x00000007ab480000)
  from space 132608K, 65% used [0x00000007b3e00000,0x00000007b9334fd8,0x00000007bbf80000)
  to   space 140800K, 0% used [0x00000007ab480000,0x00000007ab480000,0x00000007b3e00000)
 ParOldGen       total 211968K, used 170185K [0x0000000700000000, 0x000000070cf00000, 0x0000000780000000)
  object space 211968K, 80% used [0x0000000700000000,0x000000070a632470,0x000000070cf00000)
 Metaspace       used 65470K, capacity 67146K, committed 67368K, reserved 1107968K
  class space    used 8803K, capacity 9258K, committed 9264K, reserved 1048576K
}
Event: 922.408 GC heap before
{Heap before GC invocations=46 (full 3):
 PSYoungGen      total 841728K, used 796371K [0x0000000780000000, 0x00000007bd580000, 0x00000007c0000000)
  eden space 709120K, 100% used [0x0000000780000000,0x00000007ab480000,0x00000007ab480000)
  from space 132608K, 65% used [0x00000007b3e00000,0x00000007b9334fd8,0x00000007bbf80000)
  to   space 140800K, 0% used [0x00000007ab480000,0x00000007ab480000,0x00000007b3e00000)
 ParOldGen       total 211968K, used 170185K [0x0000000700000000, 0x000000070cf00000, 0x0000000780000000)
  object space 211968K, 80% used [0x0000000700000000,0x000000070a632470,0x000000070cf00000)
 Metaspace       used 65473K, capacity 67152K, committed 67368K, reserved 1107968K
  class space    used 8804K, capacity 9259K, committed 9264K, reserved 1048576K

