# JRE version: Java(TM) SE Runtime Environment (8.0_181-b13) (build 1.8.0_181-b13)
# Java VM: Java HotSpot(TM) 64-Bit Server VM (25.181-b13 mixed mode windows-amd64 compressed oops)
Heap:
 PSYoungGen      total 589312K, used 27310K [0x0000000780000000, 0x00000007ad180000, 0x00000007c0000000)
  eden space 506880K, 0% used [0x0000000780000000,0x0000000780000000,0x000000079ef00000)
  from space 82432K, 33% used [0x000000079ef00000,0x00000007a09aba18,0x00000007a3f80000)
  to   space 77312K, 0% used [0x00000007a8600000,0x00000007a8600000,0x00000007ad180000)
 ParOldGen       total 137728K, used 133860K [0x0000000700000000, 0x0000000708680000, 0x0000000780000000)
  object space 137728K, 97% used [0x0000000700000000,0x00000007082b9120,0x0000000708680000)
 Metaspace       used 60267K, capacity 61716K, committed 61824K, reserved 1101824K
  class space    used 8094K, capacity 8487K, committed 8576K, reserved 1048576K
GC Heap History (10 events):
Event: 735.687 GC heap after
Heap after GC invocations=40 (full 3):
 PSYoungGen      total 436736K, used 31218K [0x0000000780000000, 0x00000007a1300000, 0x00000007c0000000)
  eden space 405504K, 0% used [0x0000000780000000,0x0000000780000000,0x0000000798c00000)
  from space 31232K, 99% used [0x0000000798c00000,0x000000079aa7c9a8,0x000000079aa80000)
  to   space 41472K, 0% used [0x000000079ea80000,0x000000079ea80000,0x00000007a1300000)
 ParOldGen       total 137728K, used 52232K [0x0000000700000000, 0x0000000708680000, 0x0000000780000000)
  object space 137728K, 37% used [0x0000000700000000,0x0000000703302318,0x0000000708680000)
 Metaspace       used 59953K, capacity 61346K, committed 61568K, reserved 1101824K
  class space    used 8072K, capacity 8452K, committed 8576K, reserved 1048576K
}
Event: 738.671 GC heap before
{Heap before GC invocations=41 (full 3):
 PSYoungGen      total 436736K, used 436722K [0x0000000780000000, 0x00000007a1300000, 0x00000007c0000000)
  eden space 405504K, 100% used [0x0000000780000000,0x0000000798c00000,0x0000000798c00000)
  from space 31232K, 99% used [0x0000000798c00000,0x000000079aa7c9a8,0x000000079aa80000)
  to   space 41472K, 0% used [0x000000079ea80000,0x000000079ea80000,0x00000007a1300000)
 ParOldGen       total 137728K, used 52232K [0x0000000700000000, 0x0000000708680000, 0x0000000780000000)
  object space 137728K, 37% used [0x0000000700000000,0x0000000703302318,0x0000000708680000)
 Metaspace       used 59977K, capacity 61410K, committed 61568K, reserved 1101824K
  class space    used 8072K, capacity 8452K, committed 8576K, reserved 1048576K
Event: 738.782 GC heap after
Heap after GC invocations=41 (full 3):
 PSYoungGen      total 482816K, used 41448K [0x0000000780000000, 0x00000007a4380000, 0x00000007c0000000)
  eden space 441344K, 0% used [0x0000000780000000,0x0000000780000000,0x000000079af00000)
  from space 41472K, 99% used [0x000000079ea80000,0x00000007a12fa060,0x00000007a1300000)
  to   space 60928K, 0% used [0x000000079af00000,0x000000079af00000,0x000000079ea80000)
 ParOldGen       total 137728K, used 83480K [0x0000000700000000, 0x0000000708680000, 0x0000000780000000)
  object space 137728K, 60% used [0x0000000700000000,0x00000007051862c8,0x0000000708680000)
 Metaspace       used 59977K, capacity 61410K, committed 61568K, reserved 1101824K
  class space    used 8072K, capacity 8452K, committed 8576K, reserved 1048576K
}
Event: 741.664 GC heap before
{Heap before GC invocations=42 (full 3):
 PSYoungGen      total 482816K, used 482792K [0x0000000780000000, 0x00000007a4380000, 0x00000007c0000000)
  eden space 441344K, 100% used [0x0000000780000000,0x000000079af00000,0x000000079af00000)
  from space 41472K, 99% used [0x000000079ea80000,0x00000007a12fa060,0x00000007a1300000)
  to   space 60928K, 0% used [0x000000079af00000,0x000000079af00000,0x000000079ea80000)
 ParOldGen       total 137728K, used 83480K [0x0000000700000000, 0x0000000708680000, 0x0000000780000000)
  object space 137728K, 60% used [0x0000000700000000,0x00000007051862c8,0x0000000708680000)
 Metaspace       used 59983K, capacity 61410K, committed 61568K, reserved 1101824K
  class space    used 8072K, capacity 8452K, committed 8576K, reserved 1048576K
Event: 741.727 GC heap after
Heap after GC invocations=42 (full 3):
 PSYoungGen      total 502272K, used 60900K [0x0000000780000000, 0x00000007a8800000, 0x00000007c0000000)
  eden space 441344K, 0% used [0x0000000780000000,0x0000000780000000,0x000000079af00000)
  from space 60928K, 99% used [0x000000079af00000,0x000000079ea79170,0x000000079ea80000)
  to   space 74240K, 0% used [0x00000007a3f80000,0x00000007a3f80000,0x00000007a8800000)
 ParOldGen       total 137728K, used 87916K [0x0000000700000000, 0x0000000708680000, 0x0000000780000000)
  object space 137728K, 63% used [0x0000000700000000,0x00000007055db100,0x0000000708680000)
 Metaspace       used 59983K, capacity 61410K, committed 61568K, reserved 1101824K
  class space    used 8072K, capacity 8452K, committed 8576K, reserved 1048576K
}
Event: 744.663 GC heap before
{Heap before GC invocations=43 (full 3):
 PSYoungGen      total 502272K, used 502244K [0x0000000780000000, 0x00000007a8800000, 0x00000007c0000000)
  eden space 441344K, 100% used [0x0000000780000000,0x000000079af00000,0x000000079af00000)
  from space 60928K, 99% used [0x000000079af00000,0x000000079ea79170,0x000000079ea80000)
  to   space 74240K, 0% used [0x00000007a3f80000,0x00000007a3f80000,0x00000007a8800000)
 ParOldGen       total 137728K, used 87916K [0x0000000700000000, 0x0000000708680000, 0x0000000780000000)
  object space 137728K, 63% used [0x0000000700000000,0x00000007055db100,0x0000000708680000)
 Metaspace       used 60158K, capacity 61652K, committed 61824K, reserved 1101824K
  class space    used 8088K, capacity 8487K, committed 8576K, reserved 1048576K
Event: 744.725 GC heap after
Heap after GC invocations=43 (full 3):
 PSYoungGen      total 581120K, used 59079K [0x0000000780000000, 0x00000007a9880000, 0x00000007c0000000)
  eden space 506880K, 0% used [0x0000000780000000,0x0000000780000000,0x000000079ef00000)
  from space 74240K, 79% used [0x00000007a3f80000,0x00000007a7931fb0,0x00000007a8800000)
  to   space 82432K, 0% used [0x000000079ef00000,0x000000079ef00000,0x00000007a3f80000)
 ParOldGen       total 137728K, used 102180K [0x0000000700000000, 0x0000000708680000, 0x0000000780000000)
  object space 137728K, 74% used [0x0000000700000000,0x00000007063c9120,0x0000000708680000)
 Metaspace       used 60158K, capacity 61652K, committed 61824K, reserved 1101824K
  class space    used 8088K, capacity 8487K, committed 8576K, reserved 1048576K
}
Event: 746.772 GC heap before
{Heap before GC invocations=44 (full 3):
 PSYoungGen      total 581120K, used 565959K [0x0000000780000000, 0x00000007a9880000, 0x00000007c0000000)
  eden space 506880K, 100% used [0x0000000780000000,0x000000079ef00000,0x000000079ef00000)
  from space 74240K, 79% used [0x00000007a3f80000,0x00000007a7931fb0,0x00000007a8800000)
  to   space 82432K, 0% used [0x000000079ef00000,0x000000079ef00000,0x00000007a3f80000)
 ParOldGen       total 137728K, used 102180K [0x0000000700000000, 0x0000000708680000, 0x0000000780000000)
  object space 137728K, 74% used [0x0000000700000000,0x00000007063c9120,0x0000000708680000)
 Metaspace       used 60267K, capacity 61716K, committed 61824K, reserved 1101824K
  class space    used 8094K, capacity 8487K, committed 8576K, reserved 1048576K
Event: 746.829 GC heap after
Heap after GC invocations=44 (full 3):
 PSYoungGen      total 589312K, used 27310K [0x0000000780000000, 0x00000007ad180000, 0x00000007c0000000)
  eden space 506880K, 0% used [0x0000000780000000,0x0000000780000000,0x000000079ef00000)
  from space 82432K, 33% used [0x000000079ef00000,0x00000007a09aba18,0x00000007a3f80000)
  to   space 77312K, 0% used [0x00000007a8600000,0x00000007a8600000,0x00000007ad180000)
 ParOldGen       total 137728K, used 133860K [0x0000000700000000, 0x0000000708680000, 0x0000000780000000)
  object space 137728K, 97% used [0x0000000700000000,0x00000007082b9120,0x0000000708680000)
 Metaspace       used 60267K, capacity 61716K, committed 61824K, reserved 1101824K
  class space    used 8094K, capacity 8487K, committed 8576K, reserved 1048576K
}
Event: 746.829 GC heap before
{Heap before GC invocations=45 (full 4):
 PSYoungGen      total 589312K, used 27310K [0x0000000780000000, 0x00000007ad180000, 0x00000007c0000000)
  eden space 506880K, 0% used [0x0000000780000000,0x0000000780000000,0x000000079ef00000)
  from space 82432K, 33% used [0x000000079ef00000,0x00000007a09aba18,0x00000007a3f80000)
  to   space 77312K, 0% used [0x00000007a8600000,0x00000007a8600000,0x00000007ad180000)
 ParOldGen       total 137728K, used 133860K [0x0000000700000000, 0x0000000708680000, 0x0000000780000000)
  object space 137728K, 97% used [0x0000000700000000,0x00000007082b9120,0x0000000708680000)
 Metaspace       used 60267K, capacity 61716K, committed 61824K, reserved 1101824K
  class space    used 8094K, capacity 8487K, committed 8576K, reserved 1048576K

