# JRE version: Java(TM) SE Runtime Environment (8.0_181-b13) (build 1.8.0_181-b13)
# Java VM: Java HotSpot(TM) 64-Bit Server VM (25.181-b13 mixed mode windows-amd64 compressed oops)
Heap:
 PSYoungGen      total 38400K, used 25525K [0x0000000780000000, 0x0000000784b00000, 0x00000007c0000000)
  eden space 33280K, 61% used [0x0000000780000000,0x00000007813f56b0,0x0000000782080000)
  from space 5120K, 99% used [0x0000000782580000,0x0000000782a78020,0x0000000782a80000)
  to   space 5120K, 99% used [0x0000000782080000,0x0000000782578050,0x0000000782580000)
 ParOldGen       total 87552K, used 6377K [0x0000000700000000, 0x0000000705580000, 0x0000000780000000)
  object space 87552K, 7% used [0x0000000700000000,0x000000070063a7b8,0x0000000705580000)
 Metaspace       used 20771K, capacity 21110K, committed 21296K, reserved 1067008K
  class space    used 2987K, capacity 3104K, committed 3200K, reserved 1048576K
GC Heap History (9 events):
Event: 0.915 GC heap before
{Heap before GC invocations=1 (full 0):
 PSYoungGen      total 38400K, used 33280K [0x0000000780000000, 0x0000000782a80000, 0x00000007c0000000)
  eden space 33280K, 100% used [0x0000000780000000,0x0000000782080000,0x0000000782080000)
  from space 5120K, 0% used [0x0000000782580000,0x0000000782580000,0x0000000782a80000)
  to   space 5120K, 0% used [0x0000000782080000,0x0000000782080000,0x0000000782580000)
 ParOldGen       total 87552K, used 0K [0x0000000700000000, 0x0000000705580000, 0x0000000780000000)
  object space 87552K, 0% used [0x0000000700000000,0x0000000700000000,0x0000000705580000)
 Metaspace       used 6847K, capacity 7004K, committed 7168K, reserved 1056768K
  class space    used 854K, capacity 912K, committed 1024K, reserved 1048576K
Event: 0.920 GC heap after
Heap after GC invocations=1 (full 0):
 PSYoungGen      total 38400K, used 4177K [0x0000000780000000, 0x0000000782a80000, 0x00000007c0000000)
  eden space 33280K, 0% used [0x0000000780000000,0x0000000780000000,0x0000000782080000)
  from space 5120K, 81% used [0x0000000782080000,0x00000007824945c8,0x0000000782580000)
  to   space 5120K, 0% used [0x0000000782580000,0x0000000782580000,0x0000000782a80000)
 ParOldGen       total 87552K, used 8K [0x0000000700000000, 0x0000000705580000, 0x0000000780000000)
  object space 87552K, 0% used [0x0000000700000000,0x0000000700002000,0x0000000705580000)
 Metaspace       used 6847K, capacity 7004K, committed 7168K, reserved 1056768K
  class space    used 854K, capacity 912K, committed 1024K, reserved 1048576K
}
Event: 1.510 GC heap before
{Heap before GC invocations=2 (full 0):
 PSYoungGen      total 38400K, used 37457K [0x0000000780000000, 0x0000000782a80000, 0x00000007c0000000)
  eden space 33280K, 100% used [0x0000000780000000,0x0000000782080000,0x0000000782080000)
  from space 5120K, 81% used [0x0000000782080000,0x00000007824945c8,0x0000000782580000)
  to   space 5120K, 0% used [0x0000000782580000,0x0000000782580000,0x0000000782a80000)
 ParOldGen       total 87552K, used 8K [0x0000000700000000, 0x0000000705580000, 0x0000000780000000)
  object space 87552K, 0% used [0x0000000700000000,0x0000000700002000,0x0000000705580000)
 Metaspace       used 10010K, capacity 10314K, committed 10496K, reserved 1058816K
  class space    used 1374K, capacity 1457K, committed 1536K, reserved 1048576K
Event: 1.515 GC heap after
Heap after GC invocations=2 (full 0):
 PSYoungGen      total 38400K, used 5088K [0x0000000780000000, 0x0000000782a80000, 0x00000007c0000000)
  eden space 33280K, 0% used [0x0000000780000000,0x0000000780000000,0x0000000782080000)
  from space 5120K, 99% used [0x0000000782580000,0x0000000782a78218,0x0000000782a80000)
  to   space 5120K, 0% used [0x0000000782080000,0x0000000782080000,0x0000000782580000)
 ParOldGen       total 87552K, used 16K [0x0000000700000000, 0x0000000705580000, 0x0000000780000000)
  object space 87552K, 0% used [0x0000000700000000,0x0000000700004000,0x0000000705580000)
 Metaspace       used 10010K, capacity 10314K, committed 10496K, reserved 1058816K
  class space    used 1374K, capacity 1457K, committed 1536K, reserved 1048576K
}
Event: 2.034 GC heap before
{Heap before GC invocations=3 (full 0):
 PSYoungGen      total 38400K, used 38368K [0x0000000780000000, 0x0000000782a80000, 0x00000007c0000000)
  eden space 33280K, 100% used [0x0000000780000000,0x0000000782080000,0x0000000782080000)
  from space 5120K, 99% used [0x0000000782580000,0x0000000782a78218,0x0000000782a80000)
  to   space 5120K, 0% used [0x0000000782080000,0x0000000782080000,0x0000000782580000)
 ParOldGen       total 87552K, used 16K [0x0000000700000000, 0x0000000705580000, 0x0000000780000000)
  object space 87552K, 0% used [0x0000000700000000,0x0000000700004000,0x0000000705580000)
 Metaspace       used 13700K, capacity 14026K, committed 14208K, reserved 1060864K
  class space    used 1975K, capacity 2109K, committed 2176K, reserved 1048576K
Event: 2.042 GC heap after
Heap after GC invocations=3 (full 0):
 PSYoungGen      total 38400K, used 5107K [0x0000000780000000, 0x0000000782a80000, 0x00000007c0000000)
  eden space 33280K, 0% used [0x0000000780000000,0x0000000780000000,0x0000000782080000)
  from space 5120K, 99% used [0x0000000782080000,0x000000078257cf10,0x0000000782580000)
  to   space 5120K, 0% used [0x0000000782580000,0x0000000782580000,0x0000000782a80000)
 ParOldGen       total 87552K, used 1946K [0x0000000700000000, 0x0000000705580000, 0x0000000780000000)
  object space 87552K, 2% used [0x0000000700000000,0x00000007001e6a48,0x0000000705580000)
 Metaspace       used 13700K, capacity 14026K, committed 14208K, reserved 1060864K
  class space    used 1975K, capacity 2109K, committed 2176K, reserved 1048576K
}
Event: 2.581 GC heap before
{Heap before GC invocations=4 (full 0):
 PSYoungGen      total 38400K, used 38387K [0x0000000780000000, 0x0000000782a80000, 0x00000007c0000000)
  eden space 33280K, 100% used [0x0000000780000000,0x0000000782080000,0x0000000782080000)
  from space 5120K, 99% used [0x0000000782080000,0x000000078257cf10,0x0000000782580000)
  to   space 5120K, 0% used [0x0000000782580000,0x0000000782580000,0x0000000782a80000)
 ParOldGen       total 87552K, used 1946K [0x0000000700000000, 0x0000000705580000, 0x0000000780000000)
  object space 87552K, 2% used [0x0000000700000000,0x00000007001e6a48,0x0000000705580000)
 Metaspace       used 16897K, capacity 17232K, committed 17536K, reserved 1064960K
  class space    used 2514K, capacity 2622K, committed 2688K, reserved 1048576K
Event: 2.593 GC heap after
Heap after GC invocations=4 (full 0):
 PSYoungGen      total 38400K, used 5088K [0x0000000780000000, 0x0000000784b00000, 0x00000007c0000000)
  eden space 33280K, 0% used [0x0000000780000000,0x0000000780000000,0x0000000782080000)
  from space 5120K, 99% used [0x0000000782580000,0x0000000782a78020,0x0000000782a80000)
  to   space 5120K, 0% used [0x0000000782080000,0x0000000782080000,0x0000000782580000)
 ParOldGen       total 87552K, used 5053K [0x0000000700000000, 0x0000000705580000, 0x0000000780000000)
  object space 87552K, 5% used [0x0000000700000000,0x00000007004ef440,0x0000000705580000)
 Metaspace       used 16897K, capacity 17232K, committed 17536K, reserved 1064960K
  class space    used 2514K, capacity 2622K, committed 2688K, reserved 1048576K
}
Event: 2.992 GC heap before
{Heap before GC invocations=5 (full 0):
 PSYoungGen      total 38400K, used 25525K [0x0000000780000000, 0x0000000784b00000, 0x00000007c0000000)
  eden space 33280K, 61% used [0x0000000780000000,0x00000007813f56b0,0x0000000782080000)
  from space 5120K, 99% used [0x0000000782580000,0x0000000782a78020,0x0000000782a80000)
  to   space 5120K, 0% used [0x0000000782080000,0x0000000782080000,0x0000000782580000)
 ParOldGen       total 87552K, used 5053K [0x0000000700000000, 0x0000000705580000, 0x0000000780000000)
  object space 87552K, 5% used [0x0000000700000000,0x00000007004ef440,0x0000000705580000)
 Metaspace       used 20771K, capacity 21110K, committed 21296K, reserved 1067008K
  class space    used 2987K, capacity 3104K, committed 3200K, reserved 1048576K

